Building DAG of jobs...
Using shell: /usr/bin/bash
Provided cluster nodes: 100
Job stats:
job                           count
--------------------------  -------
all                               1
basecall_add_duplex_status        1
first_split                       1
remove_multisplits                1
second_split                      1
unalignedbam_to_fastq             1
total                             6

Select jobs to execute...

[Thu May  9 15:43:43 2024]
rule basecall_add_duplex_status:
    input: /gpfs/projects/bsc83/Projects/pantranscriptome/pclavell/01_basecalling/data/modifications/4kbam_entries.bam
    output: data/duplex/sample1.bam
    jobid: 5
    reason: Missing output files: data/duplex/sample1.bam
    wildcards: sample=sample1
    resources: mem_mb=1000, mem_mib=954, disk_mb=1000, disk_mib=954, tmpdir=<TBD>, mem_gb=16, threads=8

Error submitting jobscript (exit code 1):

Shutting down, this might take some time.
Exiting because a job execution failed. Look above for error message
Complete log: .snakemake/log/2024-05-09T154342.186027.snakemake.log
