Building DAG of jobs...
Using shell: /usr/bin/bash
Provided cores: 2
Rules claiming more threads will be scaled down.
Provided resources: mem_mb=1000, mem_mib=954, disk_mb=1000, disk_mib=954, threads=8, mem_gb=32
Select jobs to execute...

[Tue May 14 11:16:55 2024]
rule first_split:
    input: data/duplex/sample1/sample1.fq
    output: data/split/mock1_sample1
    jobid: 0
    reason: Forced execution
    wildcards: sample=sample1
    resources: mem_mb=1000, mem_mib=954, disk_mb=1000, disk_mib=954, tmpdir=/scratch/tmp/1738485, threads=8, mem_gb=32

load ANACONDA/2023.07 (PATH, MANPATH, LD_LIBRARY_PATH, LIBRARY_PATH,
PKG_CONFIG_PATH, C_INCLUDE_PATH) 
no change     /apps/GPP/ANACONDA/2023.07/condabin/conda
no change     /apps/GPP/ANACONDA/2023.07/bin/conda
no change     /apps/GPP/ANACONDA/2023.07/bin/conda-env
no change     /apps/GPP/ANACONDA/2023.07/bin/activate
no change     /apps/GPP/ANACONDA/2023.07/bin/deactivate
no change     /apps/GPP/ANACONDA/2023.07/etc/profile.d/conda.sh
no change     /apps/GPP/ANACONDA/2023.07/etc/fish/conf.d/conda.fish
no change     /apps/GPP/ANACONDA/2023.07/shell/condabin/Conda.psm1
no change     /apps/GPP/ANACONDA/2023.07/shell/condabin/conda-hook.ps1
no change     /apps/GPP/ANACONDA/2023.07/lib/python3.11/site-packages/xontrib/conda.xsh
no change     /apps/GPP/ANACONDA/2023.07/etc/profile.d/conda.csh
no change     /home/bsc/bsc083549/.bashrc
No action taken.
[11:16:58 - SplitOnAdapters] Duplex tools version: 0.3.3
The output directory should not pre-exist.
[Tue May 14 11:16:58 2024]
Error in rule first_split:
    jobid: 0
    input: data/duplex/sample1/sample1.fq
    output: data/split/mock1_sample1
    shell:
        
        module load anaconda
        conda init
        source activate base
        conda activate /gpfs/projects/bsc83/utils/conda_envs/duplextools_env
        /gpfs/projects/bsc83/utils/conda_envs/duplextools_env/bin/duplex_tools split_on_adapter             --threads 8             --adapter_type ONT_sequencing_adapter+CapTrapSeqJoint             data/duplex/sample1             data/split/sample1_1step/             PCR
        touch data/split/mock1_sample1
        
        (one of the commands exited with non-zero exit code; note that snakemake uses bash strict mode!)

Shutting down, this might take some time.
Exiting because a job execution failed. Look above for error message
